line profiling: sample.interval=20000
#File 1: /gpfs/commons/groups/imielinski_lab/home/drequena/git/gGnome/R/gGnome.R
#File 2: /gpfs/commons/home/ieshghi/.vscode-server/extensions/reditorsupport.r-2.8.4/R/session/vsc.R
"mget" ".findInheritedMethods" "selectMethod" ".nextMethod" "callNextMethod" "[[" "[[" "$" "$" "%in%" "initialize" "gNode$new" 1#6525 "<Anonymous>" 1#6537 "<Anonymous>" "length.gGraph" "length" "length" 2#296 "scalar" 2#296 "FUN" "lapply" "lapply" 2#278 "inspect_env" 2#368 "doTryCatch" "tryCatchOne" "tryCatchList" "tryCatch" 2#367 "cb" 
"is" "callNextMethod" "updateObject" "updateObject" ".local" "ranges" "ranges" "length" "length" "length" 1#6519 "<Anonymous>" 1#6537 "<Anonymous>" "length.gGraph" "length" "length" "str.default" "utils::str" "...elt" "withVisible" "utils::capture.output" "paste0" 2#226 "capture_str" "doTryCatch" "tryCatchOne" "tryCatchList" "tryCatch" 2#236 "try_capture_str" 2#327 "FUN" "lapply" "lapply" 2#278 "inspect_env" 2#368 "doTryCatch" "tryCatchOne" "tryCatchList" "tryCatch" 2#367 "cb" 
"list2env2" "gNode$new" 1#6525 "<Anonymous>" 1#6537 "<Anonymous>" "length.gGraph" "length" "length" "object_summaries" "is.factor" "gsub" "indent" "format.R6" "format" "str.default" "utils::str" "...elt" "withVisible" "utils::capture.output" "paste0" 2#226 "capture_str" "doTryCatch" "tryCatchOne" "tryCatchList" "tryCatch" 2#236 "try_capture_str" 2#327 "FUN" "lapply" "lapply" 2#278 "inspect_env" 2#368 "doTryCatch" "tryCatchOne" "tryCatchList" "tryCatch" 2#367 "cb" 
"@<-" ".nextMethod" "callNextMethod" "updateObject" "updateObject" "elementMetadata" "elementMetadata" "mcols" "mcols" "$" "$" "%in%" "initialize" "gNode$new" 1#6525 "<Anonymous>" 1#6537 "<Anonymous>" "dim.gGraph" "dim" "dim" 2#347 "FUN" "lapply" "lapply" 2#278 "inspect_env" 2#368 "doTryCatch" "tryCatchOne" "tryCatchList" "tryCatch" 2#367 "cb" 
"[.data.table" "[" "initialize" "gNode$new" 1#6525 "<Anonymous>" 1#6537 "<Anonymous>" "dim.gGraph" "dim" "dim" 2#348 "FUN" "lapply" "lapply" 2#278 "inspect_env" 2#368 "doTryCatch" "tryCatchOne" "tryCatchList" "tryCatch" 2#367 "cb" 
#File 3: /gpfs/commons/home/ieshghi/git/fastKar/R/forward.R
".identC" "<Anonymous>" ".nextMethod" "callNextMethod" "updateObject" "updateObject" "elementMetadata" "elementMetadata" "values" "values" "gr2dt" 3#62 "make_template_dat_cpp" 3#62 "as.data.table" 3#62 "simulate_walks_dt" 
#File 4: <text>
"...length" "stopifnot" "is" "callNextMethod" "methods:::loadMethod" "methods:::loadMethod" "[[" "$" "$" "data.frame" 4#1 "eval" "eval" "data.table::as.data.table" "doTryCatch" "tryCatchOne" "tryCatchList" "tryCatch" "gr2dt" 3#62 "make_template_dat_cpp" 3#62 "as.data.table" 3#62 "simulate_walks_dt" 
".Call" "make_template_dat_cpp" 3#62 "as.data.table" 3#62 "simulate_walks_dt" 
".Call" "make_template_dat_cpp" 3#62 "as.data.table" 3#62 "simulate_walks_dt" 
".Call" "make_template_dat_cpp" 3#62 "as.data.table" 3#62 "simulate_walks_dt" 
".Call" "make_template_dat_cpp" 3#62 "as.data.table" 3#62 "simulate_walks_dt" 
".Call" "make_template_dat_cpp" 3#62 "as.data.table" 3#62 "simulate_walks_dt" 
".Call" "make_template_dat_cpp" 3#62 "as.data.table" 3#62 "simulate_walks_dt" 
".Call" "make_template_dat_cpp" 3#62 "as.data.table" 3#62 "simulate_walks_dt" 
".Call" "make_template_dat_cpp" 3#62 "as.data.table" 3#62 "simulate_walks_dt" 
".Call" "make_template_dat_cpp" 3#62 "as.data.table" 3#62 "simulate_walks_dt" 
".Call" "make_template_dat_cpp" 3#62 "as.data.table" 3#62 "simulate_walks_dt" 
".Call" "make_template_dat_cpp" 3#62 "as.data.table" 3#62 "simulate_walks_dt" 
".Call" "make_template_dat_cpp" 3#62 "as.data.table" 3#62 "simulate_walks_dt" 
"copy" "as.data.table.data.frame" "as.data.table" 3#62 "simulate_walks_dt" 
"forderv" "setkeyv" 3#63 "simulate_walks_dt" 
"forderv" "setkeyv" 3#63 "simulate_walks_dt" 
"forderv" "setkeyv" 3#63 "simulate_walks_dt" 
"forderv" "setkeyv" 3#63 "simulate_walks_dt" 
"forderv" "setkeyv" 3#63 "simulate_walks_dt" 
"forderv" "setkeyv" 3#63 "simulate_walks_dt" 
"forderv" "setkeyv" 3#63 "simulate_walks_dt" 
"forderv" "setkeyv" 3#63 "simulate_walks_dt" 
"forderv" "setkeyv" 3#63 "simulate_walks_dt" 
"forderv" "setkeyv" 3#63 "simulate_walks_dt" 
"forderv" "setkeyv" 3#63 "simulate_walks_dt" 
"setkeyv" 3#63 "simulate_walks_dt" 
"setkeyv" 3#63 "simulate_walks_dt" 
"setkeyv" 3#63 "simulate_walks_dt" 
"setkeyv" 3#63 "simulate_walks_dt" 
"setkeyv" 3#63 "simulate_walks_dt" 
".nextMethod" "callNextMethod" "updateObject" "updateObject" ".local" "ranges" "ranges" "length" "length" "length" 3#72 "sparseMatrix" 3#72 "FUN" "lapply" "mclapply" 3#65 "simulate_walks_dt" 
"sparseMatrix" 3#381 "symmetrize" ".External2" "%>%" 3#78 "FUN" "lapply" "mclapply" 3#65 "simulate_walks_dt" 
"copy" 3#84 "FUN" "lapply" "mclapply" 3#65 "simulate_walks_dt" 
"copy" 3#84 "FUN" "lapply" "mclapply" 3#65 "simulate_walks_dt" 
"copy" 3#84 "FUN" "lapply" "mclapply" 3#65 "simulate_walks_dt" 
"copy" 3#84 "FUN" "lapply" "mclapply" 3#65 "simulate_walks_dt" 
"class" "initialize" "new" "sparseMatrix" 3#72 "FUN" "lapply" "mclapply" 3#65 "simulate_walks_dt" 
".identC" ".nextMethod" "callNextMethod" "initialize" "initialize" "new" "newTMat" ".M2C" ".Arith.Csparse" "+" "+" "+" 3#381 "symmetrize" ".External2" "%>%" 3#78 "FUN" "lapply" "mclapply" 3#65 "simulate_walks_dt" 
"copy" 3#84 "FUN" "lapply" "mclapply" 3#65 "simulate_walks_dt" 
"copy" 3#84 "FUN" "lapply" "mclapply" 3#65 "simulate_walks_dt" 
"copy" 3#84 "FUN" "lapply" "mclapply" 3#65 "simulate_walks_dt" 
"copy" 3#84 "FUN" "lapply" "mclapply" 3#65 "simulate_walks_dt" 
"copy" 3#84 "FUN" "lapply" "mclapply" 3#65 "simulate_walks_dt" 
3#84 "[" 3#84 "FUN" "lapply" "mclapply" 3#65 "simulate_walks_dt" 
"forderv" ".prepareFastSubset" "[.data.table" 3#111 "[" 3#111 "simulate_hic_dt" 3#74 "FUN" "lapply" "mclapply" 3#65 "simulate_walks_dt" 
".M2C" ".Arith.Csparse" "+" "+" "+" 3#381 "symmetrize" ".External2" "%>%" 3#78 "FUN" "lapply" "mclapply" 3#65 "simulate_walks_dt" 
"copy" 3#84 "FUN" "lapply" "mclapply" 3#65 "simulate_walks_dt" 
"copy" 3#84 "FUN" "lapply" "mclapply" 3#65 "simulate_walks_dt" 
"copy" 3#84 "FUN" "lapply" "mclapply" 3#65 "simulate_walks_dt" 
"copy" 3#84 "FUN" "lapply" "mclapply" 3#65 "simulate_walks_dt" 
"copy" 3#84 "FUN" "lapply" "mclapply" 3#65 "simulate_walks_dt" 
"copy" 3#84 "FUN" "lapply" "mclapply" 3#65 "simulate_walks_dt" 
"as.list.default" "as.list" "lapply" "reallocate" "copy" "as.data.table.data.frame" "as.data.table" 3#99 "simulate_hic_dt" 3#74 "FUN" "lapply" "mclapply" 3#65 "simulate_walks_dt" 
"is" "extends" "...elt" "stopifnot" "non0ind" ".Arith.Csparse" "+" "+" "+" 3#381 "symmetrize" ".External2" "%>%" 3#78 "FUN" "lapply" "mclapply" 3#65 "simulate_walks_dt" 
"copy" 3#84 "FUN" "lapply" "mclapply" 3#65 "simulate_walks_dt" 
"copy" 3#84 "FUN" "lapply" "mclapply" 3#65 "simulate_walks_dt" 
"copy" 3#84 "FUN" "lapply" "mclapply" 3#65 "simulate_walks_dt" 
"copy" 3#84 "FUN" "lapply" "mclapply" 3#65 "simulate_walks_dt" 
"copy" 3#84 "FUN" "lapply" "mclapply" 3#65 "simulate_walks_dt" 
"strsplit" "is.factor" "sub" "mysub" "is.factor" "sub" "mysub" "trimws" ".parse_on" "[.data.table" 3#84 "[" 3#84 "FUN" "lapply" "mclapply" 3#65 "simulate_walks_dt" 
".splinefun" "<Anonymous>" "eval" "eval" "[.data.table" 3#110 "[" 3#110 "simulate_hic_dt" 3#74 "FUN" "lapply" "mclapply" 3#65 "simulate_walks_dt" 
"Matrix::t" "standardGeneric" "Matrix::t" 3#381 "symmetrize" ".External2" "%>%" 3#78 "FUN" "lapply" "mclapply" 3#65 "simulate_walks_dt" 
"copy" 3#84 "FUN" "lapply" "mclapply" 3#65 "simulate_walks_dt" 
"copy" 3#84 "FUN" "lapply" "mclapply" 3#65 "simulate_walks_dt" 
"copy" 3#84 "FUN" "lapply" "mclapply" 3#65 "simulate_walks_dt" 
"copy" 3#84 "FUN" "lapply" "mclapply" 3#65 "simulate_walks_dt" 
"copy" 3#84 "FUN" "lapply" "mclapply" 3#65 "simulate_walks_dt" 
"copy" 3#84 "FUN" "lapply" "mclapply" 3#65 "simulate_walks_dt" 
".Call" "make_template_dat_cpp" 3#99 "as.data.table" 3#99 "simulate_hic_dt" 3#74 "FUN" "lapply" "mclapply" 3#65 "simulate_walks_dt" 
".splinefun" "<Anonymous>" "eval" "eval" "[.data.table" 3#110 "[" 3#110 "simulate_hic_dt" 3#74 "FUN" "lapply" "mclapply" 3#65 "simulate_walks_dt" 
"gregexpr" "regmatches" "unlist" ".parse_on" "[.data.table" 3#111 "[" 3#111 "simulate_hic_dt" 3#74 "FUN" "lapply" "mclapply" 3#65 "simulate_walks_dt" 
"Matrix::t" "standardGeneric" "Matrix::t" 3#381 "symmetrize" ".External2" "%>%" 3#78 "FUN" "lapply" "mclapply" 3#65 "simulate_walks_dt" 
"%*%" "%*%" "%*%" 3#80 "FUN" "lapply" "mclapply" 3#65 "simulate_walks_dt" 
"copy" 3#84 "FUN" "lapply" "mclapply" 3#65 "simulate_walks_dt" 
"copy" 3#84 "FUN" "lapply" "mclapply" 3#65 "simulate_walks_dt" 
"copy" 3#84 "FUN" "lapply" "mclapply" 3#65 "simulate_walks_dt" 
"copy" 3#84 "FUN" "lapply" "mclapply" 3#65 "simulate_walks_dt" 
"copy" 3#84 "FUN" "lapply" "mclapply" 3#65 "simulate_walks_dt" 
"copy" 3#84 "FUN" "lapply" "mclapply" 3#65 "simulate_walks_dt" 
"bmerge" "[.data.table" 3#84 "[" 3#84 "FUN" "lapply" "mclapply" 3#65 "simulate_walks_dt" 
".splinefun" "<Anonymous>" "eval" "eval" "[.data.table" 3#110 "[" 3#110 "simulate_hic_dt" 3#74 "FUN" "lapply" "mclapply" 3#65 "simulate_walks_dt" 
"stopifnot" "is" ".findMethodInTable" ".quickCoerceSelect" "as" "validityMethod" "isTRUE" "anyStrings" "validObject" "sparseMatrix" 3#381 "symmetrize" ".External2" "%>%" 3#78 "FUN" "lapply" "mclapply" 3#65 "simulate_walks_dt" 
"copy" 3#84 "FUN" "lapply" "mclapply" 3#65 "simulate_walks_dt" 
"copy" 3#84 "FUN" "lapply" "mclapply" 3#65 "simulate_walks_dt" 
"copy" 3#84 "FUN" "lapply" "mclapply" 3#65 "simulate_walks_dt" 
"copy" 3#84 "FUN" "lapply" "mclapply" 3#65 "simulate_walks_dt" 
"copy" 3#84 "FUN" "lapply" "mclapply" 3#65 "simulate_walks_dt" 
"copy" 3#84 "FUN" "lapply" "mclapply" 3#65 "simulate_walks_dt" 
".M2C" "sparseMatrix" 3#72 "FUN" "lapply" "mclapply" 3#65 "simulate_walks_dt" 
".identC" "as" "validityMethod" "isTRUE" "anyStrings" "validObject" "sparseMatrix" 3#381 "symmetrize" ".External2" "%>%" 3#78 "FUN" "lapply" "mclapply" 3#65 "simulate_walks_dt" 
"copy" 3#84 "FUN" "lapply" "mclapply" 3#65 "simulate_walks_dt" 
"copy" 3#84 "FUN" "lapply" "mclapply" 3#65 "simulate_walks_dt" 
"copy" 3#84 "FUN" "lapply" "mclapply" 3#65 "simulate_walks_dt" 
"copy" 3#84 "FUN" "lapply" "mclapply" 3#65 "simulate_walks_dt" 
"copy" 3#84 "FUN" "lapply" "mclapply" 3#65 "simulate_walks_dt" 
"copy" 3#84 "FUN" "lapply" "mclapply" 3#65 "simulate_walks_dt" 
"%in%" "deparse" "mode" "%in%" "deparse" "paste" "deparse1" "force" "as.data.frame.integer" "as.data.frame" "<Anonymous>" "do.call" "as.data.frame.list" "as.data.frame" "as.data.frame" ".Call" "make_template_dat_cpp" 3#99 "as.data.table" 3#99 "simulate_hic_dt" 3#74 "FUN" "lapply" "mclapply" 3#65 "simulate_walks_dt" 
"Matrix::t" "standardGeneric" "Matrix::t" 3#381 "symmetrize" ".External2" "%>%" 3#78 "FUN" "lapply" "mclapply" 3#65 "simulate_walks_dt" 
"copy" 3#84 "FUN" "lapply" "mclapply" 3#65 "simulate_walks_dt" 
"copy" 3#84 "FUN" "lapply" "mclapply" 3#65 "simulate_walks_dt" 
"copy" 3#84 "FUN" "lapply" "mclapply" 3#65 "simulate_walks_dt" 
"copy" 3#84 "FUN" "lapply" "mclapply" 3#65 "simulate_walks_dt" 
"copy" 3#84 "FUN" "lapply" "mclapply" 3#65 "simulate_walks_dt" 
"gregexpr" "regmatches" "unlist" ".parse_on" "[.data.table" 3#84 "[" 3#84 "FUN" "lapply" "mclapply" 3#65 "simulate_walks_dt" 
".splinefun" "<Anonymous>" "eval" "eval" "[.data.table" 3#110 "[" 3#110 "simulate_hic_dt" 3#74 "FUN" "lapply" "mclapply" 3#65 "simulate_walks_dt" 
".quickCoerceSelect" "as" "validityMethod" "isTRUE" "anyStrings" "validObject" ".nextMethod" "callNextMethod" "initialize" "initialize" "new" "newTMat" ".M2C" ".Arith.Csparse" "+" "+" "+" 3#381 "symmetrize" ".External2" "%>%" 3#78 "FUN" "lapply" "mclapply" 3#65 "simulate_walks_dt" 
"copy" 3#84 "FUN" "lapply" "mclapply" 3#65 "simulate_walks_dt" 
"copy" 3#84 "FUN" "lapply" "mclapply" 3#65 "simulate_walks_dt" 
"copy" 3#84 "FUN" "lapply" "mclapply" 3#65 "simulate_walks_dt" 
"copy" 3#84 "FUN" "lapply" "mclapply" 3#65 "simulate_walks_dt" 
"copy" 3#84 "FUN" "lapply" "mclapply" 3#65 "simulate_walks_dt" 
"[.data.table" 3#84 "[" 3#84 "FUN" "lapply" "mclapply" 3#65 "simulate_walks_dt" 
"length" "length" "length" "length" "length" "eval" "eval" "doTryCatch" "tryCatchOne" "tryCatchList" "doTryCatch" "tryCatchOne" "tryCatchList" "tryCatch" "[.data.table" 1#6520 "[" 1#6520 "<Anonymous>" 1#6537 "<Anonymous>" "length.gGraph" "length" "length" 2#296 "scalar" 2#296 "FUN" "lapply" "lapply" 2#278 "inspect_env" 2#368 "doTryCatch" "tryCatchOne" "tryCatchList" "tryCatch" 2#367 "cb" 
"[[" "mergeType" "bmerge" "[.data.table" 1#2470 "[" 1#2470 "<Anonymous>" "initialize" "gNode$new" 1#6525 "<Anonymous>" 1#6537 "<Anonymous>" "length.gGraph" "length" "length" 2#315 "FUN" "lapply" "lapply" 2#278 "inspect_env" 2#368 "doTryCatch" "tryCatchOne" "tryCatchList" "tryCatch" 2#367 "cb" 
"[[" "setPackageSlot" "extends" ".inheritedArgsExpression" ".findInheritedMethods" "selectMethod" ".nextMethod" "callNextMethod" "[[" "[[" "$" "$" 1#6520 "<Anonymous>" 1#6537 "<Anonymous>" "length.gGraph" "length" "length" "object_summaries" "is.factor" "gsub" "indent" "format.R6" "format" "str.default" "utils::str" "...elt" "withVisible" "utils::capture.output" "paste0" 2#226 "capture_str" "doTryCatch" "tryCatchOne" "tryCatchList" "tryCatch" 2#236 "try_capture_str" 2#327 "FUN" "lapply" "lapply" 2#278 "inspect_env" 2#368 "doTryCatch" "tryCatchOne" "tryCatchList" "tryCatch" 2#367 "cb" 
"doTryCatch" "tryCatchOne" "tryCatchList" "doTryCatch" "tryCatchOne" "tryCatchList" "tryCatch" "[.data.table" 1#6520 "[" 1#6520 "<Anonymous>" 1#6537 "<Anonymous>" "dim.gGraph" "dim" "dim" 2#347 "FUN" "lapply" "lapply" 2#278 "inspect_env" 2#368 "doTryCatch" "tryCatchOne" "tryCatchList" "tryCatch" 2#367 "cb" 
".allowPrimitiveMethods" ".findInheritedMethods" "selectMethod" ".nextMethod" "callNextMethod" "[[" "[[" "$" "$" "%in%" "initialize" "gNode$new" 1#6525 "<Anonymous>" 1#6537 "<Anonymous>" "dim.gGraph" "dim" "dim" 2#348 "FUN" "lapply" "lapply" 2#278 "inspect_env" 2#368 "doTryCatch" "tryCatchOne" "tryCatchList" "tryCatch" 2#367 "cb" 
"stopifnot" "is" ".local" "asJSON" "asJSON" ".local" "FUN" "FUN" "vapply" ".local" "FUN" "FUN" "vapply" ".local" "FUN" "FUN" "vapply" ".local" "asJSON" "asJSON" "jsonlite::toJSON" "jsonlite::write_json" 2#373 "doTryCatch" "tryCatchOne" "tryCatchList" "tryCatch" 2#367 "cb" 
